<?xml version="1.0" encoding="UTF-8"?>
<testng-results ignored="0" total="1" passed="1" failed="0" skipped="0">
  <reporter-output>
  </reporter-output>
  <suite started-at="2022-08-28T21:36:29 IST" name="Suite" finished-at="2022-08-28T21:36:50 IST" duration-ms="20556">
    <groups>
    </groups>
    <test started-at="2022-08-28T21:36:29 IST" name="TEST" finished-at="2022-08-28T21:36:50 IST" duration-ms="20556">
      <class name="com.Test.TestPage01Test">
        <test-method is-config="true" signature="setUp()[pri:0, instance:com.Test.TestPage01Test@957e06]" started-at="2022-08-28T21:36:29 IST" name="setUp" finished-at="2022-08-28T21:36:47 IST" duration-ms="17407" status="PASS">
          <reporter-output>
          </reporter-output>
        </test-method> <!-- setUp -->
        <test-method signature="test()[pri:0, instance:com.Test.TestPage01Test@957e06]" started-at="2022-08-28T21:36:47 IST" name="test" finished-at="2022-08-28T21:36:47 IST" duration-ms="14" status="PASS">
          <reporter-output>
          </reporter-output>
        </test-method> <!-- test -->
        <test-method is-config="true" signature="tearDown()[pri:0, instance:com.Test.TestPage01Test@957e06]" started-at="2022-08-28T21:36:47 IST" name="tearDown" finished-at="2022-08-28T21:36:50 IST" duration-ms="3063" status="PASS">
          <reporter-output>
          </reporter-output>
        </test-method> <!-- tearDown -->
      </class> <!-- com.Test.TestPage01Test -->
    </test> <!-- TEST -->
  </suite> <!-- Suite -->
</testng-results>
